2022-08-17 11:08:385 INFO  TestBase:60 - Initialize Web driver: 153448497
2022-08-17 11:08:388 INFO  WaitHelper:19 - WaitHelper object created..
2022-08-17 11:08:388 INFO  WaitHelper:29 - Implicit Wait has been set to: 120
2022-08-17 11:08:397 INFO  WaitHelper:76 - waiting for page to load for : SECONDS seconds
2022-08-17 11:08:400 INFO  WaitHelper:78 - page is loaded
2022-08-17 11:08:614 INFO  TestBase:56 - *************testLoginToApplication Strated ****************
2022-08-17 11:08:545 INFO  WaitHelper:19 - WaitHelper object created..
2022-08-17 11:08:564 INFO  WaitHelper:88 - waiting for :[[ChromeDriver: chrome on WINDOWS (e63d4403675c8227b2e00c889294f5b6)] -> xpath: //div[@id='divLogo']//img] for :200 seconds
2022-08-17 11:08:613 INFO  WaitHelper:91 - element is visible now
2022-08-17 11:08:613 INFO  TestBase:111 - Capturing ui navigation screen...
2022-08-17 11:08:614 INFO  JavaScriptHelper:15 - JavaScriptHelper has been initialised
2022-08-17 11:08:124 INFO  TestBase:60 - Initialize Web driver: 2111882926
2022-08-17 11:08:126 INFO  WaitHelper:19 - WaitHelper object created..
2022-08-17 11:08:127 INFO  WaitHelper:29 - Implicit Wait has been set to: 120
2022-08-17 11:08:136 INFO  WaitHelper:76 - waiting for page to load for : SECONDS seconds
2022-08-17 11:08:139 INFO  WaitHelper:78 - page is loaded
2022-08-17 11:08:332 INFO  TestBase:56 - *************testLoginToApplication Strated ****************
2022-08-17 11:08:340 INFO  WaitHelper:19 - WaitHelper object created..
2022-08-17 11:08:355 INFO  WaitHelper:88 - waiting for :[[ChromeDriver: chrome on WINDOWS (b0f11894945ffaabe0612ea613233019)] -> xpath: //div[@id='divLogo']//img] for :200 seconds
2022-08-17 11:08:403 INFO  WaitHelper:91 - element is visible now
2022-08-17 11:08:403 INFO  TestBase:111 - Capturing ui navigation screen...
2022-08-17 11:08:404 INFO  JavaScriptHelper:15 - JavaScriptHelper has been initialised
2022-08-17 11:08:665 INFO  JavaScriptHelper:15 - JavaScriptHelper has been initialised
2022-08-17 11:08:673 INFO  LoginPage:51 - entering user name...Admin
2022-08-17 11:08:728 INFO  LoginPage:57 - Entering password....admin123
2022-08-17 11:08:775 INFO  LoginPage:62 - Clicking on button login....
2022-08-17 11:08:776 INFO  JavaScriptHelper:15 - JavaScriptHelper has been initialised
2022-08-17 11:08:09 INFO  TestBase:143 - **************testLoginToApplicationFinished***************
2022-08-17 11:08:334 INFO  TestBase:60 - Initialize Web driver: 1058650291
2022-08-17 11:08:337 INFO  WaitHelper:19 - WaitHelper object created..
2022-08-17 11:08:337 INFO  WaitHelper:29 - Implicit Wait has been set to: 120
2022-08-17 11:08:345 INFO  WaitHelper:76 - waiting for page to load for : SECONDS seconds
2022-08-17 11:08:348 INFO  WaitHelper:78 - page is loaded
2022-08-17 11:08:525 INFO  TestBase:56 - *************testLoginToApplication Strated ****************
2022-08-17 11:08:413 INFO  WaitHelper:19 - WaitHelper object created..
2022-08-17 11:08:429 INFO  WaitHelper:88 - waiting for :[[ChromeDriver: chrome on WINDOWS (a489d97faeef3acf1aa3c03ea73d62fb)] -> xpath: //div[@id='divLogo']//img] for :200 seconds
2022-08-17 11:08:481 INFO  WaitHelper:91 - element is visible now
2022-08-17 11:08:481 INFO  TestBase:111 - Capturing ui navigation screen...
2022-08-17 11:08:481 INFO  JavaScriptHelper:15 - JavaScriptHelper has been initialised
2022-08-17 11:08:712 INFO  JavaScriptHelper:15 - JavaScriptHelper has been initialised
2022-08-17 11:08:725 INFO  LoginPage:51 - entering user name...Admin
2022-08-17 11:08:778 INFO  LoginPage:57 - Entering password....admin123
2022-08-17 11:08:831 INFO  LoginPage:62 - Clicking on button login....
2022-08-17 11:08:831 INFO  JavaScriptHelper:15 - JavaScriptHelper has been initialised
2022-08-17 11:08:60 INFO  TestBase:143 - **************testLoginToApplicationFinished***************
2022-08-17 11:08:176 INFO  TestBase:60 - Initialize Web driver: 726843606
2022-08-17 11:08:180 INFO  WaitHelper:19 - WaitHelper object created..
2022-08-17 11:08:180 INFO  WaitHelper:29 - Implicit Wait has been set to: 120
2022-08-17 11:08:198 INFO  WaitHelper:76 - waiting for page to load for : SECONDS seconds
2022-08-17 11:08:205 INFO  WaitHelper:78 - page is loaded
2022-08-17 11:08:353 INFO  TestBase:56 - *************testLoginToApplication Strated ****************
2022-08-17 11:08:270 INFO  WaitHelper:19 - WaitHelper object created..
2022-08-17 11:08:287 INFO  WaitHelper:88 - waiting for :[[ChromeDriver: chrome on WINDOWS (7acd8636495949cba9e180c48eb7afeb)] -> xpath: //div[@id='divLogo']//img] for :200 seconds
2022-08-17 11:08:335 INFO  WaitHelper:91 - element is visible now
2022-08-17 11:08:335 INFO  TestBase:111 - Capturing ui navigation screen...
2022-08-17 11:08:336 INFO  JavaScriptHelper:15 - JavaScriptHelper has been initialised
2022-08-17 11:08:568 INFO  JavaScriptHelper:15 - JavaScriptHelper has been initialised
2022-08-17 11:08:580 INFO  LoginPage:51 - entering user name...Admin
2022-08-17 11:08:635 INFO  LoginPage:57 - Entering password....admin123
2022-08-17 11:08:687 INFO  LoginPage:62 - Clicking on button login....
2022-08-17 11:08:687 INFO  JavaScriptHelper:15 - JavaScriptHelper has been initialised
2022-08-17 11:08:934 INFO  TestBase:143 - **************testLoginToApplicationFinished***************
2022-08-17 11:08:434 INFO  TestBase:60 - Initialize Web driver: 726843606
2022-08-17 11:08:440 INFO  WaitHelper:19 - WaitHelper object created..
2022-08-17 11:08:441 INFO  WaitHelper:29 - Implicit Wait has been set to: 120
2022-08-17 11:08:466 INFO  WaitHelper:76 - waiting for page to load for : SECONDS seconds
2022-08-17 11:08:469 INFO  WaitHelper:78 - page is loaded
2022-08-17 11:08:694 INFO  TestBase:56 - *************testLoginToApplication Strated ****************
2022-08-17 11:08:840 INFO  WaitHelper:19 - WaitHelper object created..
2022-08-17 11:08:861 INFO  WaitHelper:88 - waiting for :[[ChromeDriver: chrome on WINDOWS (51fa9653dacb98227a1c63210300dbba)] -> xpath: //div[@id='divLogo']//img] for :200 seconds
2022-08-17 11:08:911 INFO  WaitHelper:91 - element is visible now
2022-08-17 11:08:911 INFO  TestBase:111 - Capturing ui navigation screen...
2022-08-17 11:08:912 INFO  JavaScriptHelper:15 - JavaScriptHelper has been initialised
2022-08-17 11:08:145 INFO  JavaScriptHelper:15 - JavaScriptHelper has been initialised
2022-08-17 11:08:157 INFO  LoginPage:51 - entering user name...Admin
2022-08-17 11:08:212 INFO  LoginPage:57 - Entering password....admin123
2022-08-17 11:08:266 INFO  LoginPage:62 - Clicking on button login....
2022-08-17 11:08:266 INFO  JavaScriptHelper:15 - JavaScriptHelper has been initialised
2022-08-17 11:08:575 INFO  WaitHelper:19 - WaitHelper object created..
2022-08-17 11:08:590 INFO  WaitHelper:88 - waiting for :[[ChromeDriver: chrome on WINDOWS (51fa9653dacb98227a1c63210300dbba)] -> xpath: //b[normalize-space()='Admin']] for :200 seconds
2022-08-17 11:08:616 INFO  WaitHelper:91 - element is visible now
2022-08-17 11:08:616 INFO  TestBase:111 - Capturing ui navigation screen...
2022-08-17 11:08:616 INFO  JavaScriptHelper:15 - JavaScriptHelper has been initialised
2022-08-17 11:08:737 INFO  JavaScriptHelper:15 - JavaScriptHelper has been initialised
2022-08-17 11:08:826 ERROR VerificationHelper:25 - element is not Displayed..
2022-08-17 11:08:46 INFO  TestBase:143 - **************testLoginToApplicationFinished***************
2022-08-17 13:08:523 INFO  TestBase:60 - Initialize Web driver: 726843606
2022-08-17 13:08:526 INFO  WaitHelper:19 - WaitHelper object created..
2022-08-17 13:08:526 INFO  WaitHelper:29 - Implicit Wait has been set to: 2
2022-08-17 13:08:538 INFO  WaitHelper:76 - waiting for page to load for : SECONDS seconds
2022-08-17 13:08:541 INFO  WaitHelper:78 - page is loaded
2022-08-17 13:08:729 INFO  TestBase:56 - *************testLoginToApplication Strated ****************
2022-08-17 13:08:476 INFO  TestBase:60 - Initialize Web driver: 176041373
2022-08-17 13:08:479 INFO  WaitHelper:19 - WaitHelper object created..
2022-08-17 13:08:480 INFO  WaitHelper:29 - Implicit Wait has been set to: 120
2022-08-17 13:08:494 INFO  WaitHelper:76 - waiting for page to load for : SECONDS seconds
2022-08-17 13:08:498 INFO  WaitHelper:78 - page is loaded
2022-08-17 13:08:670 INFO  TestBase:56 - *************testLoginToApplication Strated ****************
2022-08-17 13:08:552 INFO  WaitHelper:19 - WaitHelper object created..
2022-08-17 13:08:577 INFO  WaitHelper:88 - waiting for :[[ChromeDriver: chrome on WINDOWS (85f21e4cf01a4e906d71a0f5d8df342f)] -> xpath: //div[@id='divLogo']//img] for :200 seconds
2022-08-17 13:08:640 INFO  WaitHelper:91 - element is visible now
2022-08-17 13:08:640 INFO  TestBase:111 - Capturing ui navigation screen...
2022-08-17 13:08:642 INFO  JavaScriptHelper:15 - JavaScriptHelper has been initialised
2022-08-17 14:08:71 INFO  JavaScriptHelper:15 - JavaScriptHelper has been initialised
2022-08-17 14:08:81 INFO  LoginPage:51 - entering user name...Admin
2022-08-17 14:08:335 INFO  LoginPage:57 - Entering password....admin123
2022-08-17 14:08:386 INFO  LoginPage:62 - Clicking on button login....
2022-08-17 14:08:386 INFO  JavaScriptHelper:15 - JavaScriptHelper has been initialised
2022-08-17 14:08:177 INFO  WaitHelper:19 - WaitHelper object created..
2022-08-17 14:08:230 INFO  WaitHelper:88 - waiting for :Proxy element for: DefaultElementLocator 'By.xpath: //b[normalize-space()='Admin']' for :200 seconds
2022-08-17 14:08:131 INFO  TestBase:143 - **************testLoginToApplicationFinished***************
2022-08-17 14:08:185 INFO  TestBase:60 - Initialize Web driver: 726843606
2022-08-17 14:08:190 INFO  WaitHelper:19 - WaitHelper object created..
2022-08-17 14:08:190 INFO  WaitHelper:29 - Implicit Wait has been set to: 120
2022-08-17 14:08:198 INFO  WaitHelper:76 - waiting for page to load for : SECONDS seconds
2022-08-17 14:08:201 INFO  WaitHelper:78 - page is loaded
2022-08-17 14:08:387 INFO  TestBase:56 - *************testLoginToApplication Strated ****************
2022-08-17 14:08:773 INFO  WaitHelper:19 - WaitHelper object created..
2022-08-17 14:08:798 INFO  WaitHelper:88 - waiting for :Proxy element for: DefaultElementLocator 'By.xpath: //div[@id='divLogo']//img' for :200 seconds
2022-08-17 14:08:913 INFO  TestBase:60 - Initialize Web driver: 176041373
2022-08-17 14:08:917 INFO  WaitHelper:19 - WaitHelper object created..
2022-08-17 14:08:917 INFO  WaitHelper:29 - Implicit Wait has been set to: 120
2022-08-17 14:08:927 INFO  WaitHelper:76 - waiting for page to load for : SECONDS seconds
2022-08-17 14:08:940 INFO  WaitHelper:78 - page is loaded
2022-08-17 14:08:186 INFO  TestBase:56 - *************testLoginToApplication Strated ****************
2022-08-17 14:08:188 INFO  WaitHelper:19 - WaitHelper object created..
2022-08-17 14:08:251 INFO  WaitHelper:88 - waiting for :Proxy element for: DefaultElementLocator 'By.xpath: //div[@id='divLogo']//img' for :200 seconds
2022-08-17 14:08:357 INFO  TestBase:60 - Initialize Web driver: 925803196
2022-08-17 14:08:359 INFO  WaitHelper:19 - WaitHelper object created..
2022-08-17 14:08:359 INFO  WaitHelper:29 - Implicit Wait has been set to: 120
2022-08-17 14:08:370 INFO  WaitHelper:76 - waiting for page to load for : SECONDS seconds
2022-08-17 14:08:373 INFO  WaitHelper:78 - page is loaded
2022-08-17 14:08:553 INFO  TestBase:56 - *************testLoginToApplication Strated ****************
2022-08-17 14:08:795 INFO  WaitHelper:19 - WaitHelper object created..
2022-08-17 14:08:836 INFO  WaitHelper:88 - waiting for :Proxy element for: DefaultElementLocator 'By.xpath: //div[@id='divLogo']//img' for :200 seconds
2022-08-17 14:08:750 INFO  TestBase:143 - **************testLoginToApplicationFinished***************
2022-08-17 14:08:83 INFO  TestBase:60 - Initialize Web driver: 925803196
2022-08-17 14:08:88 INFO  WaitHelper:19 - WaitHelper object created..
2022-08-17 14:08:88 INFO  WaitHelper:29 - Implicit Wait has been set to: 120
2022-08-17 14:08:97 INFO  WaitHelper:76 - waiting for page to load for : SECONDS seconds
2022-08-17 14:08:100 INFO  WaitHelper:78 - page is loaded
2022-08-17 14:08:268 INFO  TestBase:56 - *************testLoginToApplication Strated ****************
2022-08-17 14:08:990 INFO  WaitHelper:19 - WaitHelper object created..
2022-08-17 14:08:27 INFO  WaitHelper:88 - waiting for :Proxy element for: DefaultElementLocator 'By.xpath: //div[@id='divLogo']//img' for :200 seconds
2022-08-17 17:08:705 INFO  TestBase:60 - Initialize Web driver: 1058650291
2022-08-17 17:08:708 INFO  WaitHelper:19 - WaitHelper object created..
2022-08-17 17:08:708 INFO  WaitHelper:29 - Implicit Wait has been set to: 120
2022-08-17 17:08:718 INFO  WaitHelper:76 - waiting for page to load for : SECONDS seconds
2022-08-17 17:08:722 INFO  WaitHelper:78 - page is loaded
2022-08-17 17:08:881 INFO  TestBase:56 - *************testLoginToApplication Strated ****************
2022-08-17 17:08:879 INFO  WaitHelper:19 - WaitHelper object created..
2022-08-17 17:08:909 INFO  WaitHelper:88 - waiting for :[[ChromeDriver: chrome on WINDOWS (bbdf7aba46df7ab2a01fb0cf3a085289)] -> xpath: //div[@class='card-body']//img] for :200 seconds
2022-08-17 17:08:958 INFO  WaitHelper:91 - element is visible now
2022-08-17 17:08:959 INFO  TestBase:111 - Capturing ui navigation screen...
2022-08-17 17:08:959 INFO  JavaScriptHelper:15 - JavaScriptHelper has been initialised
2022-08-17 17:08:148 INFO  JavaScriptHelper:15 - JavaScriptHelper has been initialised
2022-08-17 17:08:161 INFO  LoginPage:54 - entering user name...admin01
2022-08-17 17:08:242 INFO  LoginPage:60 - Entering password....123456
2022-08-17 17:08:293 INFO  LoginPage:65 - Clicking on button login....
2022-08-17 17:08:294 INFO  JavaScriptHelper:15 - JavaScriptHelper has been initialised
2022-08-17 17:08:350 INFO  WaitHelper:19 - WaitHelper object created..
2022-08-17 17:08:365 INFO  WaitHelper:88 - waiting for :Proxy element for: DefaultElementLocator 'By.xpath: //b[normalize-space()='Admin']' for :200 seconds
2022-08-17 17:08:308 INFO  TestBase:143 - **************testLoginToApplicationFinished***************
2022-08-22 12:08:521 INFO  TestBase:60 - Initialize Web driver: 1502668485
2022-08-22 12:08:528 INFO  WaitHelper:19 - WaitHelper object created..
2022-08-22 12:08:528 INFO  WaitHelper:29 - Implicit Wait has been set to: 120
2022-08-22 12:08:537 INFO  WaitHelper:76 - waiting for page to load for : SECONDS seconds
2022-08-22 12:08:547 INFO  WaitHelper:78 - page is loaded
2022-08-22 12:08:735 INFO  TestBase:56 - *************testLoginToApplication Strated ****************
2022-08-22 12:08:649 INFO  WaitHelper:19 - WaitHelper object created..
2022-08-22 12:08:666 INFO  WaitHelper:88 - waiting for :[[ChromeDriver: chrome on WINDOWS (97d257cf887b33516e4fc1417040439d)] -> xpath: //div[@class='card-body']//img] for :200 seconds
2022-08-22 12:08:715 INFO  WaitHelper:91 - element is visible now
2022-08-22 12:08:716 INFO  TestBase:111 - Capturing ui navigation screen...
2022-08-22 12:08:716 INFO  JavaScriptHelper:15 - JavaScriptHelper has been initialised
2022-08-22 12:08:898 INFO  JavaScriptHelper:15 - JavaScriptHelper has been initialised
2022-08-22 12:08:907 INFO  LoginPage:57 - entering user name...admin01
2022-08-22 12:08:986 INFO  LoginPage:63 - Entering password....123456
2022-08-22 12:08:43 INFO  LoginPage:68 - Clicking on button login....
2022-08-22 12:08:44 INFO  JavaScriptHelper:15 - JavaScriptHelper has been initialised
2022-08-22 12:08:95 INFO  WaitHelper:19 - WaitHelper object created..
2022-08-22 12:08:443 INFO  WaitHelper:88 - waiting for :[[ChromeDriver: chrome on WINDOWS (97d257cf887b33516e4fc1417040439d)] -> xpath: //a[@class='b-brand']//img[@class='logo logo-lg']] for :200 seconds
2022-08-22 12:08:468 INFO  WaitHelper:91 - element is visible now
2022-08-22 12:08:469 INFO  TestBase:111 - Capturing ui navigation screen...
2022-08-22 12:08:469 INFO  JavaScriptHelper:15 - JavaScriptHelper has been initialised
2022-08-22 12:08:692 INFO  JavaScriptHelper:15 - JavaScriptHelper has been initialised
2022-08-22 12:08:752 INFO  VerificationHelper:20 - element is Displayed..
2022-08-22 12:08:770 INFO  TestBase:143 - **************testLoginToApplicationFinished***************
2022-08-22 14:08:887 INFO  TestBase:60 - Initialize Web driver: 1288135425
2022-08-22 14:08:892 INFO  WaitHelper:19 - WaitHelper object created..
2022-08-22 14:08:892 INFO  WaitHelper:29 - Implicit Wait has been set to: 120
2022-08-22 14:08:903 INFO  WaitHelper:76 - waiting for page to load for : SECONDS seconds
2022-08-22 14:08:907 INFO  WaitHelper:78 - page is loaded
2022-08-22 14:08:76 INFO  TestBase:56 - *************testUsernameIsNotValid Strated ****************
2022-08-22 14:08:838 INFO  WaitHelper:19 - WaitHelper object created..
2022-08-22 14:08:862 INFO  WaitHelper:88 - waiting for :[[ChromeDriver: chrome on WINDOWS (c346fd874e7d179cbdfa387d360b188d)] -> xpath: //div[@class='card-body']//img] for :200 seconds
2022-08-22 14:08:910 INFO  WaitHelper:91 - element is visible now
2022-08-22 14:08:910 INFO  TestBase:111 - Capturing ui navigation screen...
2022-08-22 14:08:910 INFO  JavaScriptHelper:15 - JavaScriptHelper has been initialised
2022-08-22 14:08:91 INFO  JavaScriptHelper:15 - JavaScriptHelper has been initialised
2022-08-22 14:08:100 INFO  LoginPage:57 - entering user name...
2022-08-22 14:08:165 INFO  LoginPage:63 - Entering password....123456
2022-08-22 14:08:227 INFO  LoginPage:68 - Clicking on button login....
2022-08-22 14:08:227 INFO  JavaScriptHelper:15 - JavaScriptHelper has been initialised
2022-08-22 14:08:276 INFO  WaitHelper:19 - WaitHelper object created..
2022-08-22 14:08:337 INFO  WaitHelper:88 - waiting for :Proxy element for: DefaultElementLocator 'By.xpath: //a[@class='b-brand']//img[@class='logo logo-lg']' for :200 seconds
2022-08-23 11:08:458 INFO  TestBase:60 - Initialize Web driver: 1967617997
2022-08-23 11:08:465 INFO  WaitHelper:19 - WaitHelper object created..
2022-08-23 11:08:466 INFO  WaitHelper:29 - Implicit Wait has been set to: 120
2022-08-23 11:08:494 INFO  WaitHelper:76 - waiting for page to load for : SECONDS seconds
2022-08-23 11:08:498 INFO  WaitHelper:78 - page is loaded
2022-08-23 11:08:752 INFO  TestBase:56 - *************testUsernameIsNotValid Strated ****************
2022-08-23 11:08:607 INFO  WaitHelper:19 - WaitHelper object created..
2022-08-23 11:08:642 INFO  WaitHelper:88 - waiting for :[[ChromeDriver: chrome on WINDOWS (518ea1b8d8241a2962ec7b0b0232a459)] -> xpath: //div[@class='card-body']//img] for :200 seconds
2022-08-23 11:08:686 INFO  WaitHelper:91 - element is visible now
2022-08-23 11:08:686 INFO  TestBase:111 - Capturing ui navigation screen...
2022-08-23 11:08:687 INFO  JavaScriptHelper:15 - JavaScriptHelper has been initialised
2022-08-23 11:08:862 INFO  JavaScriptHelper:15 - JavaScriptHelper has been initialised
2022-08-23 11:08:868 INFO  LoginPage:57 - entering user name...
2022-08-23 11:08:934 INFO  LoginPage:63 - Entering password....123456
2022-08-23 11:08:996 INFO  LoginPage:68 - Clicking on button login....
2022-08-23 11:08:30 INFO  TestBase:60 - Initialize Web driver: 1058650291
2022-08-23 11:08:33 INFO  WaitHelper:19 - WaitHelper object created..
2022-08-23 11:08:33 INFO  WaitHelper:29 - Implicit Wait has been set to: 120
2022-08-23 11:08:44 INFO  WaitHelper:76 - waiting for page to load for : SECONDS seconds
2022-08-23 11:08:53 INFO  WaitHelper:78 - page is loaded
2022-08-23 11:08:232 INFO  TestBase:56 - *************testUsernameIsNotValid Strated ****************
2022-08-23 11:08:925 INFO  WaitHelper:19 - WaitHelper object created..
2022-08-23 11:08:942 INFO  WaitHelper:88 - waiting for :[[ChromeDriver: chrome on WINDOWS (e0dfed963a7080ba883db1d94219e964)] -> xpath: //div[@class='card-body']//img] for :200 seconds
2022-08-23 11:08:25 INFO  WaitHelper:91 - element is visible now
2022-08-23 11:08:26 INFO  TestBase:111 - Capturing ui navigation screen...
2022-08-23 11:08:29 INFO  JavaScriptHelper:15 - JavaScriptHelper has been initialised
2022-08-23 11:08:215 INFO  JavaScriptHelper:15 - JavaScriptHelper has been initialised
2022-08-23 11:08:223 INFO  LoginPage:57 - entering user name...
2022-08-23 11:08:282 INFO  LoginPage:63 - Entering password....123456
2022-08-23 11:08:349 INFO  LoginPage:68 - Clicking on button login....
2022-08-23 11:08:437 ERROR VerificationHelper:25 - element is not Displayed..
2022-08-23 11:08:475 INFO  TestBase:143 - **************testUsernameIsNotValidFinished***************
2022-08-23 11:08:245 INFO  TestBase:60 - Initialize Web driver: 1967617997
2022-08-23 11:08:250 INFO  WaitHelper:19 - WaitHelper object created..
2022-08-23 11:08:250 INFO  WaitHelper:29 - Implicit Wait has been set to: 120
2022-08-23 11:08:262 INFO  WaitHelper:76 - waiting for page to load for : SECONDS seconds
2022-08-23 11:08:268 INFO  WaitHelper:78 - page is loaded
2022-08-23 11:08:540 INFO  TestBase:56 - *************testUsernameAndPassIsNotValid Strated ****************
2022-08-23 11:08:327 INFO  WaitHelper:19 - WaitHelper object created..
2022-08-23 11:08:370 INFO  WaitHelper:88 - waiting for :[[ChromeDriver: chrome on WINDOWS (6134973c721c2f263f35058ad20f61c0)] -> xpath: //div[@class='card-body']//img] for :200 seconds
2022-08-23 11:08:433 INFO  WaitHelper:91 - element is visible now
2022-08-23 11:08:433 INFO  TestBase:111 - Capturing ui navigation screen...
2022-08-23 11:08:434 INFO  JavaScriptHelper:15 - JavaScriptHelper has been initialised
2022-08-23 11:08:637 INFO  JavaScriptHelper:15 - JavaScriptHelper has been initialised
2022-08-23 11:08:647 INFO  LoginPage:57 - entering user name...
2022-08-23 11:08:699 INFO  LoginPage:63 - Entering password....
2022-08-23 11:08:760 INFO  LoginPage:68 - Clicking on button login....
2022-08-23 12:08:863 ERROR VerificationHelper:25 - element is not Displayed..
2022-08-23 12:08:950 INFO  TestBase:143 - **************testUsernameAndPassIsNotValidFinished***************
2022-08-23 12:08:134 INFO  TestBase:56 - *************testPasswordIsNotValid Strated ****************
2022-08-23 12:08:422 INFO  WaitHelper:19 - WaitHelper object created..
2022-08-23 12:08:433 INFO  WaitHelper:88 - waiting for :[[ChromeDriver: chrome on WINDOWS (6134973c721c2f263f35058ad20f61c0)] -> xpath: //div[@class='card-body']//img] for :200 seconds
2022-08-23 12:08:456 INFO  WaitHelper:91 - element is visible now
2022-08-23 12:08:457 INFO  TestBase:111 - Capturing ui navigation screen...
2022-08-23 12:08:457 INFO  JavaScriptHelper:15 - JavaScriptHelper has been initialised
2022-08-23 12:08:614 INFO  JavaScriptHelper:15 - JavaScriptHelper has been initialised
2022-08-23 12:08:621 INFO  LoginPage:57 - entering user name...admin01
2022-08-23 12:08:677 INFO  LoginPage:63 - Entering password....
2022-08-23 12:08:717 INFO  LoginPage:68 - Clicking on button login....
2022-08-23 12:08:785 ERROR VerificationHelper:25 - element is not Displayed..
2022-08-23 12:08:812 INFO  TestBase:143 - **************testPasswordIsNotValidFinished***************
2022-08-23 12:08:842 INFO  TestBase:56 - *************testUsernameIsNotValid Strated ****************
2022-08-23 12:08:191 INFO  WaitHelper:19 - WaitHelper object created..
2022-08-23 12:08:205 INFO  WaitHelper:88 - waiting for :[[ChromeDriver: chrome on WINDOWS (6134973c721c2f263f35058ad20f61c0)] -> xpath: //div[@class='card-body']//img] for :200 seconds
2022-08-23 12:08:227 INFO  WaitHelper:91 - element is visible now
2022-08-23 12:08:227 INFO  TestBase:111 - Capturing ui navigation screen...
2022-08-23 12:08:227 INFO  JavaScriptHelper:15 - JavaScriptHelper has been initialised
2022-08-23 12:08:383 INFO  JavaScriptHelper:15 - JavaScriptHelper has been initialised
2022-08-23 12:08:388 INFO  LoginPage:57 - entering user name...
2022-08-23 12:08:438 INFO  LoginPage:63 - Entering password....123456
2022-08-23 12:08:489 INFO  LoginPage:68 - Clicking on button login....
2022-08-23 12:08:545 ERROR VerificationHelper:25 - element is not Displayed..
2022-08-23 12:08:571 INFO  TestBase:143 - **************testUsernameIsNotValidFinished***************
2022-08-23 12:08:600 INFO  TestBase:56 - *************testLoginToApplication Strated ****************
2022-08-23 12:08:854 INFO  WaitHelper:19 - WaitHelper object created..
2022-08-23 12:08:864 INFO  WaitHelper:88 - waiting for :[[ChromeDriver: chrome on WINDOWS (6134973c721c2f263f35058ad20f61c0)] -> xpath: //div[@class='card-body']//img] for :200 seconds
2022-08-23 12:08:888 INFO  WaitHelper:91 - element is visible now
2022-08-23 12:08:889 INFO  TestBase:111 - Capturing ui navigation screen...
2022-08-23 12:08:889 INFO  JavaScriptHelper:15 - JavaScriptHelper has been initialised
2022-08-23 12:08:45 INFO  JavaScriptHelper:15 - JavaScriptHelper has been initialised
2022-08-23 12:08:50 INFO  LoginPage:57 - entering user name...admin01
2022-08-23 12:08:103 INFO  LoginPage:63 - Entering password....123456
2022-08-23 12:08:149 INFO  LoginPage:68 - Clicking on button login....
2022-08-23 12:08:494 INFO  VerificationHelper:20 - element is Displayed..
2022-08-23 12:08:510 INFO  WaitHelper:19 - WaitHelper object created..
2022-08-23 12:08:520 INFO  WaitHelper:88 - waiting for :[[ChromeDriver: chrome on WINDOWS (6134973c721c2f263f35058ad20f61c0)] -> xpath: //h6[contains(text(),'Chào mừng Admin 01')]] for :200 seconds
2022-08-23 12:08:538 INFO  WaitHelper:91 - element is visible now
2022-08-23 12:08:538 INFO  TestBase:111 - Capturing ui navigation screen...
2022-08-23 12:08:538 INFO  JavaScriptHelper:15 - JavaScriptHelper has been initialised
2022-08-23 12:08:753 INFO  JavaScriptHelper:15 - JavaScriptHelper has been initialised
2022-08-23 12:08:799 INFO  VerificationHelper:20 - element is Displayed..
2022-08-23 12:08:815 INFO  TestBase:143 - **************testLoginToApplicationFinished***************
2022-08-23 17:08:612 INFO  TestBase:60 - Initialize Web driver: 315461968
2022-08-23 17:08:614 INFO  WaitHelper:19 - WaitHelper object created..
2022-08-23 17:08:615 INFO  WaitHelper:29 - Implicit Wait has been set to: 120
2022-08-23 17:08:631 INFO  WaitHelper:76 - waiting for page to load for : SECONDS seconds
2022-08-23 17:08:644 INFO  WaitHelper:78 - page is loaded
2022-08-23 17:08:856 INFO  TestBase:56 - *************testLoginToApplication Strated ****************
2022-08-23 17:08:635 INFO  WaitHelper:19 - WaitHelper object created..
2022-08-23 17:08:650 INFO  WaitHelper:88 - waiting for :[[ChromeDriver: chrome on WINDOWS (2c7c8f8b77b7386ed1b35733f399c8c3)] -> xpath: //div[@class='card-body']//img] for :200 seconds
2022-08-23 17:08:704 INFO  WaitHelper:91 - element is visible now
2022-08-23 17:08:705 INFO  TestBase:111 - Capturing ui navigation screen...
2022-08-23 17:08:705 INFO  JavaScriptHelper:15 - JavaScriptHelper has been initialised
2022-08-23 17:08:894 INFO  JavaScriptHelper:15 - JavaScriptHelper has been initialised
2022-08-23 17:08:901 INFO  LoginPage:57 - entering user name...fff
2022-08-23 17:08:966 INFO  LoginPage:63 - Entering password....4444444
2022-08-23 17:08:23 INFO  LoginPage:68 - Clicking on button login....
2022-08-23 17:08:99 ERROR VerificationHelper:25 - element is not Displayed..
2022-08-23 17:08:155 ERROR VerificationHelper:25 - element is not Displayed..
2022-08-23 17:08:378 INFO  TestBase:143 - **************testLoginToApplicationFinished***************
2022-08-23 17:08:758 INFO  TestBase:60 - Initialize Web driver: 1058650291
2022-08-23 17:08:761 INFO  WaitHelper:19 - WaitHelper object created..
2022-08-23 17:08:761 INFO  WaitHelper:29 - Implicit Wait has been set to: 120
2022-08-23 17:08:771 INFO  WaitHelper:76 - waiting for page to load for : SECONDS seconds
2022-08-23 17:08:775 INFO  WaitHelper:78 - page is loaded
2022-08-23 17:08:950 INFO  TestBase:56 - *************testLoginToApplication Strated ****************
2022-08-23 17:08:893 INFO  WaitHelper:19 - WaitHelper object created..
2022-08-23 17:08:909 INFO  WaitHelper:88 - waiting for :[[ChromeDriver: chrome on WINDOWS (f4384c063f2bedae999fbc543ae79022)] -> xpath: //div[@class='card-body']//img] for :200 seconds
2022-08-23 17:08:948 INFO  WaitHelper:91 - element is visible now
2022-08-23 17:08:948 INFO  TestBase:111 - Capturing ui navigation screen...
2022-08-23 17:08:948 INFO  JavaScriptHelper:15 - JavaScriptHelper has been initialised
2022-08-23 17:08:126 INFO  JavaScriptHelper:15 - JavaScriptHelper has been initialised
2022-08-23 17:08:133 INFO  LoginPage:57 - entering user name...fff
2022-08-23 17:08:206 INFO  LoginPage:63 - Entering password....4444444
2022-08-23 17:08:263 INFO  LoginPage:68 - Clicking on button login....
2022-08-23 17:08:320 ERROR VerificationHelper:25 - element is not Displayed..
2022-08-23 17:08:352 ERROR VerificationHelper:25 - element is not Displayed..
2022-08-23 17:08:552 INFO  TestBase:143 - **************testLoginToApplicationFinished***************
2022-08-23 17:08:325 INFO  TestBase:60 - Initialize Web driver: 1058650291
2022-08-23 17:08:329 INFO  WaitHelper:19 - WaitHelper object created..
2022-08-23 17:08:329 INFO  WaitHelper:29 - Implicit Wait has been set to: 120
2022-08-23 17:08:338 INFO  WaitHelper:76 - waiting for page to load for : SECONDS seconds
2022-08-23 17:08:341 INFO  WaitHelper:78 - page is loaded
2022-08-23 17:08:514 INFO  TestBase:56 - *************testLoginToApplication Strated ****************
2022-08-23 17:08:355 INFO  WaitHelper:19 - WaitHelper object created..
2022-08-23 17:08:373 INFO  WaitHelper:88 - waiting for :[[ChromeDriver: chrome on WINDOWS (67bc4c4c7b87da416cfa7a9f08251ad0)] -> xpath: //div[@class='card-body']//img] for :200 seconds
2022-08-23 17:08:412 INFO  WaitHelper:91 - element is visible now
2022-08-23 17:08:412 INFO  TestBase:111 - Capturing ui navigation screen...
2022-08-23 17:08:413 INFO  JavaScriptHelper:15 - JavaScriptHelper has been initialised
2022-08-23 17:08:599 INFO  JavaScriptHelper:15 - JavaScriptHelper has been initialised
2022-08-23 17:08:607 INFO  LoginPage:57 - entering user name...fff
2022-08-23 17:08:678 INFO  LoginPage:63 - Entering password....4444444
2022-08-23 17:08:743 INFO  LoginPage:68 - Clicking on button login....
2022-08-23 17:08:828 ERROR VerificationHelper:25 - element is not Displayed..
2022-08-23 17:08:849 ERROR VerificationHelper:25 - element is not Displayed..
2022-08-23 17:08:44 INFO  TestBase:143 - **************testLoginToApplicationFinished***************
2022-09-01 19:09:297 INFO  TestBase:60 - Initialize Web driver: 1481594007
2022-09-01 19:09:604 INFO  WaitHelper:19 - WaitHelper object created..
2022-09-01 19:09:605 INFO  WaitHelper:29 - Implicit Wait has been set to: 120
2022-09-01 19:09:637 INFO  WaitHelper:76 - waiting for page to load for : SECONDS seconds
2022-09-01 19:09:645 INFO  WaitHelper:78 - page is loaded
2022-09-01 19:09:915 INFO  TestBase:56 - *************testUsernameAndPassIsNotValid Strated ****************
2022-09-01 19:09:172 INFO  WaitHelper:19 - WaitHelper object created..
2022-09-01 19:09:207 INFO  WaitHelper:88 - waiting for :[[ChromeDriver: chrome on WINDOWS (77b5910513cb8f91c02784d2ce9fd542)] -> xpath: //div[@class='card-body']//img] for :200 seconds
2022-09-01 19:09:302 INFO  WaitHelper:91 - element is visible now
2022-09-01 19:09:303 INFO  TestBase:111 - Capturing ui navigation screen...
2022-09-01 19:09:331 INFO  JavaScriptHelper:15 - JavaScriptHelper has been initialised
2022-09-01 19:09:758 INFO  JavaScriptHelper:15 - JavaScriptHelper has been initialised
2022-09-01 19:09:777 INFO  LoginPage:57 - entering user name...
2022-09-01 19:09:923 INFO  LoginPage:63 - Entering password....
2022-09-01 19:09:37 INFO  LoginPage:68 - Clicking on button login....
2022-09-01 19:09:233 ERROR VerificationHelper:25 - element is not Displayed..
2022-09-01 19:09:23 INFO  TestBase:143 - **************testUsernameAndPassIsNotValidFinished***************
2022-09-01 19:09:411 INFO  TestBase:56 - *************testPasswordIsNotValid Strated ****************
2022-09-01 19:09:250 INFO  WaitHelper:19 - WaitHelper object created..
2022-09-01 19:09:280 INFO  WaitHelper:88 - waiting for :[[ChromeDriver: chrome on WINDOWS (77b5910513cb8f91c02784d2ce9fd542)] -> xpath: //div[@class='card-body']//img] for :200 seconds
2022-09-01 19:09:327 INFO  WaitHelper:91 - element is visible now
2022-09-01 19:09:327 INFO  TestBase:111 - Capturing ui navigation screen...
2022-09-01 19:09:327 INFO  JavaScriptHelper:15 - JavaScriptHelper has been initialised
2022-09-01 19:09:532 INFO  JavaScriptHelper:15 - JavaScriptHelper has been initialised
2022-09-01 19:09:542 INFO  LoginPage:57 - entering user name...admin01
2022-09-01 19:09:652 INFO  LoginPage:63 - Entering password....
2022-09-01 19:09:759 INFO  LoginPage:68 - Clicking on button login....
2022-09-01 19:09:33 ERROR VerificationHelper:25 - element is not Displayed..
2022-09-01 19:09:86 INFO  TestBase:143 - **************testPasswordIsNotValidFinished***************
2022-09-01 19:09:161 INFO  TestBase:56 - *************testUsernameIsNotValid Strated ****************
2022-09-01 19:09:945 INFO  WaitHelper:19 - WaitHelper object created..
2022-09-01 19:09:973 INFO  WaitHelper:88 - waiting for :[[ChromeDriver: chrome on WINDOWS (77b5910513cb8f91c02784d2ce9fd542)] -> xpath: //div[@class='card-body']//img] for :200 seconds
2022-09-01 19:09:07 INFO  WaitHelper:91 - element is visible now
2022-09-01 19:09:07 INFO  TestBase:111 - Capturing ui navigation screen...
2022-09-01 19:09:07 INFO  JavaScriptHelper:15 - JavaScriptHelper has been initialised
2022-09-01 19:09:554 INFO  JavaScriptHelper:15 - JavaScriptHelper has been initialised
2022-09-01 19:09:610 INFO  LoginPage:57 - entering user name...
2022-09-01 19:09:752 INFO  LoginPage:63 - Entering password....123456
2022-09-01 19:09:860 INFO  LoginPage:68 - Clicking on button login....
2022-09-01 19:09:986 ERROR VerificationHelper:25 - element is not Displayed..
2022-09-01 19:09:66 INFO  TestBase:143 - **************testUsernameIsNotValidFinished***************
2022-09-01 19:09:188 INFO  TestBase:56 - *************testLoginToApplication Strated ****************
2022-09-01 19:09:844 INFO  WaitHelper:19 - WaitHelper object created..
2022-09-01 19:09:867 INFO  WaitHelper:88 - waiting for :[[ChromeDriver: chrome on WINDOWS (77b5910513cb8f91c02784d2ce9fd542)] -> xpath: //div[@class='card-body']//img] for :200 seconds
2022-09-01 19:09:923 INFO  WaitHelper:91 - element is visible now
2022-09-01 19:09:923 INFO  TestBase:111 - Capturing ui navigation screen...
2022-09-01 19:09:924 INFO  JavaScriptHelper:15 - JavaScriptHelper has been initialised
2022-09-01 19:09:258 INFO  JavaScriptHelper:15 - JavaScriptHelper has been initialised
2022-09-01 19:09:282 INFO  LoginPage:57 - entering user name...fff
2022-09-01 19:09:376 INFO  LoginPage:63 - Entering password....4444444
2022-09-01 19:09:503 INFO  LoginPage:68 - Clicking on button login....
2022-09-01 19:09:621 ERROR VerificationHelper:25 - element is not Displayed..
2022-09-01 19:09:649 ERROR VerificationHelper:25 - element is not Displayed..
2022-09-01 19:09:630 INFO  TestBase:143 - **************testLoginToApplicationFinished***************
